<?xml version="1.0" encoding="UTF-8"?>
<!-- Generated by org.testng.reporters.JUnitReportReporter -->
<testsuite hostname="HYDLPT-275LT" failures="0" tests="3" name="com.orangeHrm.testcases.verifylogincredentials" time="21.068" errors="0" timestamp="2024-12-09T20:12:05 GMT+05:30" skipped="0">
  <testcase classname="com.orangeHrm.testcases.verifylogincredentials" name="verifytitle" time="4.406"/>
  <testcase classname="com.orangeHrm.testcases.verifylogincredentials" name="Elementvisiblity" time="6.190"/>
  <testcase classname="com.orangeHrm.testcases.verifylogincredentials" name="verifylogin" time="10.472"/>
</testsuite> <!-- com.orangeHrm.testcases.verifylogincredentials -->
