<?xml version="1.0" encoding="UTF-8"?>
<!-- Generated by org.testng.reporters.JUnitReportReporter -->
<testsuite hostname="HYDLPT-275LT" failures="0" tests="1" name="com.orangeHrm.testcases.verifylogintestcase1" time="6.183" errors="0" timestamp="2024-12-04T20:05:13 GMT+05:30" skipped="0">
  <testcase classname="com.orangeHrm.testcases.verifylogintestcase1" name="openHomepage" time="6.183"/>
</testsuite> <!-- com.orangeHrm.testcases.verifylogintestcase1 -->
