<?xml version="1.0" encoding="UTF-8"?>
<!-- Generated by org.testng.reporters.JUnitReportReporter -->
<testsuite hostname="HYDLPT-275LT" failures="0" tests="2" name="com.facebook.testcases.Verifyloginpage" time="1.423" errors="0" timestamp="2025-01-27T12:36:05 GMT+05:30" skipped="0">
  <testcase classname="com.facebook.testcases.Verifyloginpage" name="verymsg" time="1.190"/>
  <testcase classname="com.facebook.testcases.Verifyloginpage" name="getresults" time="0.233"/>
</testsuite> <!-- com.facebook.testcases.Verifyloginpage -->
